<?xml version="1.0" encoding="UTF-8"?>
<!-- Generated by org.testng.reporters.JUnitXMLReporter -->
<testsuite hostname="BDC4-D-1SF6N62" ignored="0" name="Test2IE" tests="3" failures="0" timestamp="08 Feb 2019 09:52:17 GMT" time="34.194" errors="0">
  <testcase name="f" time="9.187" classname="seleniumadvanced.demos.seleniumday1.NewTest"/>
  <testcase name="f" time="7.87" classname="seleniumadvanced.demos.seleniumday1.NewTest"/>
  <testcase name="f" time="7.952" classname="seleniumadvanced.demos.seleniumday1.NewTest"/>
</testsuite> <!-- Test2IE -->
