<?xml version="1.0" encoding="UTF-8"?>
<!-- Generated by org.testng.reporters.JUnitXMLReporter -->
<testsuite hostname="BDC4-D-1SF6N62" ignored="0" name="Test1Chrome" tests="3" failures="0" timestamp="08 Feb 2019 09:51:45 GMT" time="1.94" errors="0">
  <testcase name="@BeforeTest beforetest" time="0.019" classname="seleniumadvanced.demos.seleniumday1.NewTest">
    <failure type="java.lang.NullPointerException">
      <![CDATA[java.lang.NullPointerException
at seleniumadvanced.demos.seleniumday1.NewTest.beforetest(NewTest.java:53)
at java.util.concurrent.FutureTask.run(FutureTask.java:266)
at java.util.concurrent.ThreadPoolExecutor.runWorker(ThreadPoolExecutor.java:1149)
at java.util.concurrent.ThreadPoolExecutor$Worker.run(ThreadPoolExecutor.java:624)
at java.lang.Thread.run(Thread.java:748)
... Removed 15 stack frames]]>
    </failure>
  </testcase> <!-- @BeforeTest beforetest -->
  <testcase name="@AfterTest aftertest" time="0.0" classname="seleniumadvanced.demos.seleniumday1.NewTest">
    <skipped/>
  </testcase> <!-- @AfterTest aftertest -->
  <testcase name="f" time="0.0" classname="seleniumadvanced.demos.seleniumday1.NewTest">
    <skipped/>
  </testcase> <!-- f -->
  <testcase name="f" time="0.0" classname="seleniumadvanced.demos.seleniumday1.NewTest">
    <skipped/>
  </testcase> <!-- f -->
  <testcase name="f" time="0.0" classname="seleniumadvanced.demos.seleniumday1.NewTest">
    <skipped/>
  </testcase> <!-- f -->
</testsuite> <!-- Test1Chrome -->
