<?xml version="1.0" encoding="UTF-8"?>
<testng-results skipped="3" failed="0" ignored="0" total="6" passed="3">
  <reporter-output>
  </reporter-output>
  <suite name="Suite" duration-ms="34194" started-at="2019-02-08T09:51:43Z" finished-at="2019-02-08T09:52:17Z">
    <groups>
    </groups>
    <test name="Test1Chrome" duration-ms="1940" started-at="2019-02-08T09:51:43Z" finished-at="2019-02-08T09:51:45Z">
      <class name="seleniumadvanced.demos.seleniumday1.NewTest">
        <test-method status="FAIL" signature="beforetest(java.lang.String, org.testng.ITestContext)[pri:0, instance:seleniumadvanced.demos.seleniumday1.NewTest@5e5792a0]" name="beforetest" is-config="true" duration-ms="19" started-at="2019-02-08T09:51:43Z" finished-at="2019-02-08T09:51:43Z">
          <params>
            <param index="0">
              <value>
                <![CDATA[chrome]]>
              </value>
            </param>
            <param index="1">
              <value>
                <![CDATA[org.testng.TestRunner@1dfda5a9]]>
              </value>
            </param>
          </params>
          <exception class="java.lang.NullPointerException">
            <full-stacktrace>
              <![CDATA[java.lang.NullPointerException
at seleniumadvanced.demos.seleniumday1.NewTest.beforetest(NewTest.java:53)
at sun.reflect.NativeMethodAccessorImpl.invoke0(Native Method)
at sun.reflect.NativeMethodAccessorImpl.invoke(NativeMethodAccessorImpl.java:62)
at sun.reflect.DelegatingMethodAccessorImpl.invoke(DelegatingMethodAccessorImpl.java:43)
at java.lang.reflect.Method.invoke(Method.java:498)
at org.testng.internal.MethodInvocationHelper.invokeMethod(MethodInvocationHelper.java:124)
at org.testng.internal.MethodInvocationHelper.invokeMethodConsideringTimeout(MethodInvocationHelper.java:59)
at org.testng.internal.Invoker.invokeConfigurationMethod(Invoker.java:458)
at org.testng.internal.Invoker.invokeConfigurations(Invoker.java:222)
at org.testng.internal.Invoker.invokeConfigurations(Invoker.java:142)
at org.testng.TestRunner.beforeRun(TestRunner.java:529)
at org.testng.TestRunner.run(TestRunner.java:497)
at org.testng.SuiteRunner.runTest(SuiteRunner.java:455)
at org.testng.SuiteRunner.access$000(SuiteRunner.java:40)
at org.testng.SuiteRunner$SuiteWorker.run(SuiteRunner.java:489)
at org.testng.internal.thread.ThreadUtil$1.call(ThreadUtil.java:52)
at java.util.concurrent.FutureTask.run(FutureTask.java:266)
at java.util.concurrent.ThreadPoolExecutor.runWorker(ThreadPoolExecutor.java:1149)
at java.util.concurrent.ThreadPoolExecutor$Worker.run(ThreadPoolExecutor.java:624)
at java.lang.Thread.run(Thread.java:748)
]]>
            </full-stacktrace>
          </exception> <!-- java.lang.NullPointerException -->
          <reporter-output>
          </reporter-output>
        </test-method> <!-- beforetest -->
        <test-method status="SKIP" signature="f(java.lang.String, java.lang.String)[pri:0, instance:seleniumadvanced.demos.seleniumday1.NewTest@5e5792a0]" name="f" duration-ms="0" started-at="2019-02-08T09:51:45Z" data-provider="dp" finished-at="2019-02-08T09:51:45Z">
          <exception class="java.lang.NullPointerException">
            <full-stacktrace>
              <![CDATA[java.lang.NullPointerException
at seleniumadvanced.demos.seleniumday1.NewTest.beforetest(NewTest.java:53)
at sun.reflect.NativeMethodAccessorImpl.invoke0(Native Method)
at sun.reflect.NativeMethodAccessorImpl.invoke(NativeMethodAccessorImpl.java:62)
at sun.reflect.DelegatingMethodAccessorImpl.invoke(DelegatingMethodAccessorImpl.java:43)
at java.lang.reflect.Method.invoke(Method.java:498)
at org.testng.internal.MethodInvocationHelper.invokeMethod(MethodInvocationHelper.java:124)
at org.testng.internal.MethodInvocationHelper.invokeMethodConsideringTimeout(MethodInvocationHelper.java:59)
at org.testng.internal.Invoker.invokeConfigurationMethod(Invoker.java:458)
at org.testng.internal.Invoker.invokeConfigurations(Invoker.java:222)
at org.testng.internal.Invoker.invokeConfigurations(Invoker.java:142)
at org.testng.TestRunner.beforeRun(TestRunner.java:529)
at org.testng.TestRunner.run(TestRunner.java:497)
at org.testng.SuiteRunner.runTest(SuiteRunner.java:455)
at org.testng.SuiteRunner.access$000(SuiteRunner.java:40)
at org.testng.SuiteRunner$SuiteWorker.run(SuiteRunner.java:489)
at org.testng.internal.thread.ThreadUtil$1.call(ThreadUtil.java:52)
at java.util.concurrent.FutureTask.run(FutureTask.java:266)
at java.util.concurrent.ThreadPoolExecutor.runWorker(ThreadPoolExecutor.java:1149)
at java.util.concurrent.ThreadPoolExecutor$Worker.run(ThreadPoolExecutor.java:624)
at java.lang.Thread.run(Thread.java:748)
]]>
            </full-stacktrace>
          </exception> <!-- java.lang.NullPointerException -->
          <reporter-output>
          </reporter-output>
        </test-method> <!-- f -->
        <test-method status="SKIP" signature="f(java.lang.String, java.lang.String)[pri:0, instance:seleniumadvanced.demos.seleniumday1.NewTest@5e5792a0]" name="f" duration-ms="0" started-at="2019-02-08T09:51:45Z" data-provider="dp" finished-at="2019-02-08T09:51:45Z">
          <exception class="java.lang.NullPointerException">
            <full-stacktrace>
              <![CDATA[java.lang.NullPointerException
at seleniumadvanced.demos.seleniumday1.NewTest.beforetest(NewTest.java:53)
at sun.reflect.NativeMethodAccessorImpl.invoke0(Native Method)
at sun.reflect.NativeMethodAccessorImpl.invoke(NativeMethodAccessorImpl.java:62)
at sun.reflect.DelegatingMethodAccessorImpl.invoke(DelegatingMethodAccessorImpl.java:43)
at java.lang.reflect.Method.invoke(Method.java:498)
at org.testng.internal.MethodInvocationHelper.invokeMethod(MethodInvocationHelper.java:124)
at org.testng.internal.MethodInvocationHelper.invokeMethodConsideringTimeout(MethodInvocationHelper.java:59)
at org.testng.internal.Invoker.invokeConfigurationMethod(Invoker.java:458)
at org.testng.internal.Invoker.invokeConfigurations(Invoker.java:222)
at org.testng.internal.Invoker.invokeConfigurations(Invoker.java:142)
at org.testng.TestRunner.beforeRun(TestRunner.java:529)
at org.testng.TestRunner.run(TestRunner.java:497)
at org.testng.SuiteRunner.runTest(SuiteRunner.java:455)
at org.testng.SuiteRunner.access$000(SuiteRunner.java:40)
at org.testng.SuiteRunner$SuiteWorker.run(SuiteRunner.java:489)
at org.testng.internal.thread.ThreadUtil$1.call(ThreadUtil.java:52)
at java.util.concurrent.FutureTask.run(FutureTask.java:266)
at java.util.concurrent.ThreadPoolExecutor.runWorker(ThreadPoolExecutor.java:1149)
at java.util.concurrent.ThreadPoolExecutor$Worker.run(ThreadPoolExecutor.java:624)
at java.lang.Thread.run(Thread.java:748)
]]>
            </full-stacktrace>
          </exception> <!-- java.lang.NullPointerException -->
          <reporter-output>
          </reporter-output>
        </test-method> <!-- f -->
        <test-method status="SKIP" signature="f(java.lang.String, java.lang.String)[pri:0, instance:seleniumadvanced.demos.seleniumday1.NewTest@5e5792a0]" name="f" duration-ms="0" started-at="2019-02-08T09:51:45Z" data-provider="dp" finished-at="2019-02-08T09:51:45Z">
          <exception class="java.lang.NullPointerException">
            <full-stacktrace>
              <![CDATA[java.lang.NullPointerException
at seleniumadvanced.demos.seleniumday1.NewTest.beforetest(NewTest.java:53)
at sun.reflect.NativeMethodAccessorImpl.invoke0(Native Method)
at sun.reflect.NativeMethodAccessorImpl.invoke(NativeMethodAccessorImpl.java:62)
at sun.reflect.DelegatingMethodAccessorImpl.invoke(DelegatingMethodAccessorImpl.java:43)
at java.lang.reflect.Method.invoke(Method.java:498)
at org.testng.internal.MethodInvocationHelper.invokeMethod(MethodInvocationHelper.java:124)
at org.testng.internal.MethodInvocationHelper.invokeMethodConsideringTimeout(MethodInvocationHelper.java:59)
at org.testng.internal.Invoker.invokeConfigurationMethod(Invoker.java:458)
at org.testng.internal.Invoker.invokeConfigurations(Invoker.java:222)
at org.testng.internal.Invoker.invokeConfigurations(Invoker.java:142)
at org.testng.TestRunner.beforeRun(TestRunner.java:529)
at org.testng.TestRunner.run(TestRunner.java:497)
at org.testng.SuiteRunner.runTest(SuiteRunner.java:455)
at org.testng.SuiteRunner.access$000(SuiteRunner.java:40)
at org.testng.SuiteRunner$SuiteWorker.run(SuiteRunner.java:489)
at org.testng.internal.thread.ThreadUtil$1.call(ThreadUtil.java:52)
at java.util.concurrent.FutureTask.run(FutureTask.java:266)
at java.util.concurrent.ThreadPoolExecutor.runWorker(ThreadPoolExecutor.java:1149)
at java.util.concurrent.ThreadPoolExecutor$Worker.run(ThreadPoolExecutor.java:624)
at java.lang.Thread.run(Thread.java:748)
]]>
            </full-stacktrace>
          </exception> <!-- java.lang.NullPointerException -->
          <reporter-output>
          </reporter-output>
        </test-method> <!-- f -->
        <test-method status="SKIP" signature="aftertest(org.testng.ITestContext)[pri:0, instance:seleniumadvanced.demos.seleniumday1.NewTest@5e5792a0]" name="aftertest" is-config="true" duration-ms="0" started-at="2019-02-08T09:51:45Z" finished-at="2019-02-08T09:51:45Z">
          <reporter-output>
          </reporter-output>
        </test-method> <!-- aftertest -->
      </class> <!-- seleniumadvanced.demos.seleniumday1.NewTest -->
    </test> <!-- Test1Chrome -->
    <test name="Test2IE" duration-ms="34194" started-at="2019-02-08T09:51:43Z" finished-at="2019-02-08T09:52:17Z">
      <class name="seleniumadvanced.demos.seleniumday1.NewTest">
        <test-method status="PASS" signature="beforetest(java.lang.String, org.testng.ITestContext)[pri:0, instance:seleniumadvanced.demos.seleniumday1.NewTest@754ba872]" name="beforetest" is-config="true" duration-ms="9073" started-at="2019-02-08T09:51:43Z" finished-at="2019-02-08T09:51:52Z">
          <params>
            <param index="0">
              <value>
                <![CDATA[ie]]>
              </value>
            </param>
            <param index="1">
              <value>
                <![CDATA[org.testng.TestRunner@65e2dbf3]]>
              </value>
            </param>
          </params>
          <reporter-output>
          </reporter-output>
        </test-method> <!-- beforetest -->
        <test-method status="PASS" signature="f(java.lang.String, java.lang.String)[pri:0, instance:seleniumadvanced.demos.seleniumday1.NewTest@754ba872]" name="f" duration-ms="9187" started-at="2019-02-08T09:51:52Z" data-provider="dp" finished-at="2019-02-08T09:52:01Z">
          <params>
            <param index="0">
              <value>
                <![CDATA[ramk1298umar@gmail.com]]>
              </value>
            </param>
            <param index="1">
              <value>
                <![CDATA[Acer1234$]]>
              </value>
            </param>
          </params>
          <reporter-output>
          </reporter-output>
        </test-method> <!-- f -->
        <test-method status="PASS" signature="f(java.lang.String, java.lang.String)[pri:0, instance:seleniumadvanced.demos.seleniumday1.NewTest@754ba872]" name="f" duration-ms="7870" started-at="2019-02-08T09:52:01Z" data-provider="dp" finished-at="2019-02-08T09:52:09Z">
          <params>
            <param index="0">
              <value>
                <![CDATA[rani1980@gmail.com]]>
              </value>
            </param>
            <param index="1">
              <value>
                <![CDATA[Acer1234$]]>
              </value>
            </param>
          </params>
          <reporter-output>
          </reporter-output>
        </test-method> <!-- f -->
        <test-method status="PASS" signature="f(java.lang.String, java.lang.String)[pri:0, instance:seleniumadvanced.demos.seleniumday1.NewTest@754ba872]" name="f" duration-ms="7952" started-at="2019-02-08T09:52:09Z" data-provider="dp" finished-at="2019-02-08T09:52:17Z">
          <params>
            <param index="0">
              <value>
                <![CDATA[chenu.shyam@gmail.com]]>
              </value>
            </param>
            <param index="1">
              <value>
                <![CDATA[123456]]>
              </value>
            </param>
          </params>
          <reporter-output>
          </reporter-output>
        </test-method> <!-- f -->
        <test-method status="PASS" signature="aftertest(org.testng.ITestContext)[pri:0, instance:seleniumadvanced.demos.seleniumday1.NewTest@754ba872]" name="aftertest" is-config="true" duration-ms="1" started-at="2019-02-08T09:52:17Z" finished-at="2019-02-08T09:52:17Z">
          <params>
            <param index="0">
              <value>
                <![CDATA[org.testng.TestRunner@65e2dbf3]]>
              </value>
            </param>
          </params>
          <reporter-output>
          </reporter-output>
        </test-method> <!-- aftertest -->
      </class> <!-- seleniumadvanced.demos.seleniumday1.NewTest -->
    </test> <!-- Test2IE -->
  </suite> <!-- Suite -->
</testng-results>
